2025-10-24 11:19:54: Starting Terraform deployment...
2025-10-24 11:19:54: Running terraform init...
2025-10-24 11:19:54: ERROR: Terraform init failed with exit code 1
2025-10-24 11:19:54: at <ScriptBlock>, C:\Users\nachi\Desktop\GRAD 695\code\terraform_deploy.ps1: line 18
at <ScriptBlock>, <No file>: line 1
2025-10-24 11:21:41: Starting Terraform deployment...
2025-10-24 11:21:41: Running terraform init...
2025-10-24 11:21:43: Terraform init completed successfully
2025-10-24 11:21:43: Running terraform plan...
2025-10-24 11:21:49: ERROR: Terraform plan failed with exit code 1
2025-10-24 11:21:49: at <ScriptBlock>, C:\Users\nachi\Desktop\GRAD 695\code\terraform_deploy.ps1: line 26
at <ScriptBlock>, <No file>: line 1
2025-10-24 11:21:49: Cleaned up terraform plan file
2025-10-24 11:27:05: Starting Terraform deployment...
2025-10-24 11:27:05: Running terraform init...
2025-10-24 11:27:07: Terraform init completed successfully
2025-10-24 11:27:07: Running terraform plan...
2025-10-24 11:27:12: Terraform plan completed successfully
2025-10-24 11:30:20: Running terraform apply...
2025-10-24 11:53:22: Cleaned up terraform plan file
2025-10-24 12:37:51: Starting Terraform deployment...
2025-10-24 12:37:51: Running terraform init...
2025-10-24 12:37:51: ERROR: Terraform init failed with exit code 1
2025-10-24 12:37:51: at <ScriptBlock>, C:\Users\nachi\Desktop\GRAD 695\code\terraform_deploy.ps1: line 18
at <ScriptBlock>, <No file>: line 1
2025-10-24 12:42:13: Starting Terraform deployment...
2025-10-24 12:42:13: Running terraform init...
2025-10-24 12:42:15: Terraform init completed successfully
2025-10-24 12:42:15: Running terraform plan...
2025-10-24 12:42:20: Terraform plan completed successfully
2025-10-24 12:42:45: Running terraform apply...
2025-10-24 12:45:26: ERROR: Terraform apply failed with exit code 1
2025-10-24 12:45:26: at <ScriptBlock>, C:\Users\nachi\Desktop\GRAD 695\code\terraform_deploy.ps1: line 36
at <ScriptBlock>, <No file>: line 1
2025-10-24 12:45:26: Cleaned up terraform plan file
2025-10-24 12:52:30: Starting Terraform deployment...
2025-10-24 12:52:30: Running terraform init...
2025-10-24 12:52:33: Terraform init completed successfully
2025-10-24 12:52:33: Running terraform plan...
2025-10-24 12:52:38: Terraform plan completed successfully
2025-10-24 12:52:41: Running terraform apply...
2025-10-24 12:53:15: ERROR: Terraform apply failed with exit code 1
2025-10-24 12:53:15: at <ScriptBlock>, C:\Users\nachi\Desktop\GRAD 695\code\terraform_deploy.ps1: line 36
at <ScriptBlock>, <No file>: line 1
2025-10-24 12:53:15: Cleaned up terraform plan file
2025-10-25 10:32:23: Starting Terraform deployment...
2025-10-25 10:32:23: Running terraform init...
2025-10-25 10:32:48: Terraform init completed successfully
2025-10-25 10:32:48: Running terraform plan...
2025-10-25 10:32:54: Terraform plan completed successfully
2025-10-25 10:34:06: Running terraform apply...
2025-10-25 10:36:57: ERROR: Terraform apply failed with exit code 1
2025-10-25 10:36:57: at <ScriptBlock>, C:\Users\nachi\Desktop\GRAD 695\code\terraform_deploy.ps1: line 36
at <ScriptBlock>, <No file>: line 1
2025-10-25 10:36:57: Cleaned up terraform plan file
2025-10-25 11:21:42: Starting Terraform deployment...
2025-10-25 11:21:42: Running terraform init...
2025-10-25 11:21:44: Terraform init completed successfully
2025-10-25 11:21:44: Running terraform plan...
2025-10-25 11:21:46: ERROR: Terraform plan failed with exit code 1
2025-10-25 11:21:46: at <ScriptBlock>, C:\Users\nachi\Desktop\GRAD 695\code\terraform_deploy.ps1: line 26
at <ScriptBlock>, <No file>: line 1
2025-10-25 11:23:59: Starting Terraform deployment...
2025-10-25 11:23:59: Running terraform init...
2025-10-25 11:24:00: Terraform init completed successfully
2025-10-25 11:24:00: Running terraform plan...
2025-10-25 11:24:03: ERROR: Terraform plan failed with exit code 1
2025-10-25 11:24:03: at <ScriptBlock>, C:\Users\nachi\Desktop\GRAD 695\code\terraform_deploy.ps1: line 26
at <ScriptBlock>, <No file>: line 1
2025-10-25 11:24:50: Starting Terraform deployment...
2025-10-25 11:24:50: Running terraform init...
2025-10-25 11:24:51: Terraform init completed successfully
2025-10-25 11:24:51: Running terraform plan...
2025-10-25 11:24:57: Terraform plan completed successfully
2025-10-25 11:24:59: Running terraform apply...
2025-10-25 11:25:58: ERROR: Terraform apply failed with exit code 1
2025-10-25 11:25:58: at <ScriptBlock>, C:\Users\nachi\Desktop\GRAD 695\code\terraform_deploy.ps1: line 36
at <ScriptBlock>, <No file>: line 1
2025-10-25 11:25:58: Cleaned up terraform plan file
2025-10-27 10:05:23: Starting Terraform deployment...
2025-10-27 10:05:23: Running terraform init...
2025-10-27 10:06:30: Terraform init completed successfully
2025-10-27 10:06:30: Running terraform plan...
2025-10-27 10:06:38: Terraform plan completed successfully
2025-10-27 10:06:40: Running terraform apply...
2025-10-27 10:09:23: ERROR: Terraform apply failed with exit code 1
2025-10-27 10:09:23: at <ScriptBlock>, C:\Users\nachi\Desktop\GRAD 695\code\terraform_deploy.ps1: line 36
at <ScriptBlock>, <No file>: line 1
2025-10-27 10:09:23: Cleaned up terraform plan file
2025-10-27 13:41:09: Starting Terraform deployment...
2025-10-27 13:41:09: Running terraform init...
2025-10-27 13:41:11: Terraform init completed successfully
2025-10-27 13:41:11: Running terraform plan...
2025-10-27 13:41:15: ERROR: Terraform plan failed with exit code 1
2025-10-27 13:41:15: at <ScriptBlock>, C:\Users\nachi\Desktop\GRAD 695\code\terraform_deploy.ps1: line 26
at <ScriptBlock>, <No file>: line 1
2025-10-27 14:01:45: Starting Terraform deployment...
2025-10-27 14:01:45: Running terraform init...
2025-10-27 14:01:47: Terraform init completed successfully
2025-10-27 14:01:47: Running terraform plan...
2025-10-27 14:01:57: Terraform plan completed successfully
2025-10-27 14:19:09: Running terraform apply...
2025-10-27 14:19:46: ERROR: Terraform apply failed with exit code 1
2025-10-27 14:19:46: at <ScriptBlock>, C:\Users\nachi\Desktop\GRAD 695\code\terraform_deploy.ps1: line 36
at <ScriptBlock>, <No file>: line 1
2025-10-27 14:19:46: Cleaned up terraform plan file
2025-10-27 21:31:27: Starting Terraform deployment...
2025-10-27 21:31:27: Running terraform init...
2025-10-27 21:31:31: Terraform init completed successfully
2025-10-27 21:31:31: Running terraform plan...
2025-10-27 21:31:43: Terraform plan completed successfully
2025-10-27 21:31:49: Running terraform apply...
2025-10-27 21:32:23: ERROR: Terraform apply failed with exit code 1
2025-10-27 21:32:23: at <ScriptBlock>, C:\Users\nachi\Desktop\GRAD 695\code\terraform_deploy.ps1: line 36
at <ScriptBlock>, <No file>: line 1
2025-10-27 21:32:23: Cleaned up terraform plan file
2025-10-27 21:39:11: Starting pre-deployment resource check...
2025-10-27 21:39:11: Checking existing resources...
2025-10-27 21:39:11: ERROR: At C:\Users\nachi\Desktop\GRAD 695\code\generate_tfvars.ps1:110 char:86
+ ...  "`nCreated $OutputFile with existing resource configuration" "Green"
+                                                                         ~
The string is missing the terminator: ".

At C:\Users\nachi\Desktop\GRAD 695\code\generate_tfvars.ps1:91 char:26
+     if ($permissionSets) {
+                          ~
Missing closing '}' in statement block or type definition.

At C:\Users\nachi\Desktop\GRAD 695\code\generate_tfvars.ps1:89 char:48
+ if ($ssoInstance -and $ssoInstance -ne "None") {
+                                                ~
Missing closing '}' in statement block or type definition.

At C:\Users\nachi\Desktop\GRAD 695\code\generate_tfvars.ps1:50 char:12
+ if ($vpcs) {
+            ~
Missing closing '}' in statement block or type definition.
2025-10-27 21:39:11: at <ScriptBlock>, C:\Users\nachi\Desktop\GRAD 695\code\terraform_deploy.ps1: line 16
at <ScriptBlock>, <No file>: line 1
2025-10-27 21:41:03: Starting pre-deployment resource check...
2025-10-27 21:41:03: Checking existing resources...
2025-10-27 21:41:03: ERROR: At C:\Users\nachi\Desktop\GRAD 695\code\generate_tfvars.ps1:110 char:86
+ ...  "`nCreated $OutputFile with existing resource configuration" "Green"
+                                                                         ~
The string is missing the terminator: ".

At C:\Users\nachi\Desktop\GRAD 695\code\generate_tfvars.ps1:91 char:26
+     if ($permissionSets) {
+                          ~
Missing closing '}' in statement block or type definition.

At C:\Users\nachi\Desktop\GRAD 695\code\generate_tfvars.ps1:89 char:48
+ if ($ssoInstance -and $ssoInstance -ne "None") {
+                                                ~
Missing closing '}' in statement block or type definition.

At C:\Users\nachi\Desktop\GRAD 695\code\generate_tfvars.ps1:48 char:34
+ if ($vpcs -and $vpcs -ne "None") {
+                                  ~
Missing closing '}' in statement block or type definition.
2025-10-27 21:41:03: at <ScriptBlock>, C:\Users\nachi\Desktop\GRAD 695\code\terraform_deploy.ps1: line 16
at <ScriptBlock>, <No file>: line 1
2025-10-27 21:42:38: Starting pre-deployment resource check...
2025-10-27 21:42:38: Checking existing resources...
2025-10-27 21:42:41: ERROR: System.Management.Automation.RemoteException
2025-10-27 21:42:41: at <ScriptBlock>, C:\Users\nachi\Desktop\GRAD 695\code\generate_tfvars.ps1: line 23
at <ScriptBlock>, C:\Users\nachi\Desktop\GRAD 695\code\terraform_deploy.ps1: line 16
at <ScriptBlock>, <No file>: line 1
2025-10-27 21:44:51: Starting pre-deployment resource check...
2025-10-27 21:44:51: Checking existing resources...
2025-10-27 21:45:00: Resource check completed and tfvars file generated
2025-10-27 21:45:11: ERROR: Deployment cancelled by user
2025-10-27 21:45:11: at <ScriptBlock>, C:\Users\nachi\Desktop\GRAD 695\code\terraform_deploy.ps1: line 22
at <ScriptBlock>, <No file>: line 1
2025-10-27 21:45:55: Starting pre-deployment resource check...
2025-10-27 21:45:55: Checking existing resources...
2025-10-27 21:46:47: Starting pre-deployment resource check...
2025-10-27 21:46:47: Checking existing resources...
2025-10-27 21:46:58: Resource check completed and tfvars file generated
2025-10-27 21:47:02: Starting Terraform deployment...
2025-10-27 21:47:02: Running terraform init...
2025-10-27 21:47:04: ERROR: Terraform init failed with exit code 1
2025-10-27 21:47:04: at <ScriptBlock>, C:\Users\nachi\Desktop\GRAD 695\code\terraform_deploy.ps1: line 31
at <ScriptBlock>, <No file>: line 1
2025-10-27 21:47:59: Starting pre-deployment resource check...
2025-10-27 21:47:59: Checking existing resources...
2025-10-27 21:48:09: Resource check completed and tfvars file generated
2025-10-27 21:48:11: Starting Terraform deployment...
2025-10-27 21:48:11: Running terraform init...
2025-10-27 21:48:13: ERROR: Terraform init failed with exit code 1
2025-10-27 21:48:13: at <ScriptBlock>, C:\Users\nachi\Desktop\GRAD 695\code\terraform_deploy.ps1: line 31
at <ScriptBlock>, <No file>: line 1
2025-10-27 21:48:49: Starting pre-deployment resource check...
2025-10-27 21:48:49: Checking existing resources...
2025-10-27 21:49:00: Resource check completed and tfvars file generated
2025-10-27 21:49:02: Starting Terraform deployment...
2025-10-27 21:49:02: Running terraform init...
2025-10-27 21:49:05: Terraform init completed successfully
2025-10-27 21:49:05: Running terraform plan...
2025-10-27 21:49:09: ERROR: Terraform plan failed with exit code 1
2025-10-27 21:49:09: at <ScriptBlock>, C:\Users\nachi\Desktop\GRAD 695\code\terraform_deploy.ps1: line 39
at <ScriptBlock>, <No file>: line 1
2025-10-27 21:50:13: Starting pre-deployment resource check...
2025-10-27 21:50:13: Checking existing resources...
2025-10-27 21:50:24: Resource check completed and tfvars file generated
2025-10-27 21:50:26: Starting Terraform deployment...
2025-10-27 21:50:26: Running terraform init...
2025-10-27 21:50:28: Terraform init completed successfully
2025-10-27 21:50:28: Running terraform plan...
2025-10-27 21:50:33: ERROR: Terraform plan failed with exit code 1
2025-10-27 21:50:33: at <ScriptBlock>, C:\Users\nachi\Desktop\GRAD 695\code\terraform_deploy.ps1: line 39
at <ScriptBlock>, <No file>: line 1
2025-10-27 21:51:16: Starting pre-deployment resource check...
2025-10-27 21:51:16: Checking existing resources...
2025-10-27 21:51:26: Resource check completed and tfvars file generated
2025-10-27 21:51:28: Starting Terraform deployment...
2025-10-27 21:51:28: Running terraform init...
2025-10-27 21:51:31: Terraform init completed successfully
2025-10-27 21:51:31: Running terraform plan...
2025-10-27 21:51:41: Terraform plan completed successfully
2025-10-27 21:51:45: Running terraform apply...
2025-10-27 21:53:25: ERROR: Terraform apply failed with exit code 1
2025-10-27 21:53:25: at <ScriptBlock>, C:\Users\nachi\Desktop\GRAD 695\code\terraform_deploy.ps1: line 49
at <ScriptBlock>, <No file>: line 1
2025-10-27 21:53:25: Cleaned up terraform plan file
2025-10-27 21:55:55: Starting pre-deployment resource check...
2025-10-27 21:55:55: Checking existing resources...
2025-10-27 21:56:06: Resource check completed and tfvars file generated
2025-10-27 21:56:08: Starting Terraform deployment...
2025-10-27 21:56:08: Running terraform init...
2025-10-27 21:56:11: Terraform init completed successfully
2025-10-27 21:56:11: Running terraform plan...
2025-10-27 21:56:15: ERROR: Terraform plan failed with exit code 1
2025-10-27 21:56:15: at <ScriptBlock>, C:\Users\nachi\Desktop\GRAD 695\code\terraform_deploy.ps1: line 39
at <ScriptBlock>, <No file>: line 1
2025-10-27 21:57:31: Starting pre-deployment resource check...
2025-10-27 21:57:31: Checking existing resources...
2025-10-27 21:57:41: Resource check completed and tfvars file generated
2025-10-27 21:57:51: Starting Terraform deployment...
2025-10-27 21:57:51: Running terraform init...
2025-10-27 21:57:53: ERROR: Terraform init failed with exit code 1
2025-10-27 21:57:53: at <ScriptBlock>, C:\Users\nachi\Desktop\GRAD 695\code\terraform_deploy.ps1: line 31
at <ScriptBlock>, <No file>: line 1
2025-10-27 21:58:55: Starting pre-deployment resource check...
2025-10-27 21:58:55: Checking existing resources...
2025-10-27 21:59:05: Resource check completed and tfvars file generated
2025-10-27 21:59:11: Starting Terraform deployment...
2025-10-27 21:59:11: Running terraform init...
2025-10-27 21:59:14: Terraform init completed successfully
2025-10-27 21:59:15: Running terraform plan...
2025-10-27 21:59:23: ERROR: Terraform plan failed with exit code 1
2025-10-27 21:59:23: at <ScriptBlock>, C:\Users\nachi\Desktop\GRAD 695\code\terraform_deploy.ps1: line 39
at <ScriptBlock>, <No file>: line 1
2025-10-27 21:59:23: Cleaned up terraform plan file
2025-10-27 22:00:49: Starting pre-deployment resource check...
2025-10-27 22:00:49: Checking existing resources...
2025-10-27 22:01:00: Resource check completed and tfvars file generated
2025-10-27 22:01:02: Starting Terraform deployment...
2025-10-27 22:01:02: Running terraform init...
2025-10-27 22:01:03: ERROR: Terraform init failed with exit code 1
2025-10-27 22:01:03: at <ScriptBlock>, C:\Users\nachi\Desktop\GRAD 695\code\terraform_deploy.ps1: line 31
at <ScriptBlock>, <No file>: line 1
2025-10-27 22:02:19: Starting pre-deployment resource check...
2025-10-27 22:02:19: Checking existing resources...
2025-10-27 22:02:30: Resource check completed and tfvars file generated
2025-10-27 22:02:31: Starting Terraform deployment...
2025-10-27 22:02:31: Running terraform init...
2025-10-27 22:02:34: Terraform init completed successfully
2025-10-27 22:02:34: Running terraform plan...
2025-10-27 22:02:38: ERROR: Terraform plan failed with exit code 1
2025-10-27 22:02:38: at <ScriptBlock>, C:\Users\nachi\Desktop\GRAD 695\code\terraform_deploy.ps1: line 39
at <ScriptBlock>, <No file>: line 1
2025-10-27 22:05:31: Starting pre-deployment resource check...
2025-10-27 22:05:31: Checking existing resources...
2025-10-27 22:05:41: Resource check completed and tfvars file generated
2025-10-27 22:05:41: Starting Terraform deployment...
2025-10-27 22:05:41: Running terraform init...
2025-10-27 22:05:43: ERROR: Terraform init failed with exit code 1
2025-10-27 22:05:43: at <ScriptBlock>, C:\Users\nachi\Desktop\GRAD 695\code\terraform_deploy.ps1: line 25
at <ScriptBlock>, <No file>: line 1
2025-10-27 22:06:42: Starting pre-deployment resource check...
2025-10-27 22:06:42: Checking existing resources...
2025-10-27 22:06:53: Resource check completed and tfvars file generated
2025-10-27 22:06:53: Starting Terraform deployment...
2025-10-27 22:06:53: Running terraform init...
2025-10-27 22:06:55: Terraform init completed successfully
2025-10-27 22:06:55: Running terraform plan...
2025-10-27 22:06:59: ERROR: Terraform plan failed with exit code 1
2025-10-27 22:07:00: at <ScriptBlock>, C:\Users\nachi\Desktop\GRAD 695\code\terraform_deploy.ps1: line 33
at <ScriptBlock>, <No file>: line 1
2025-10-27 22:08:08: Starting pre-deployment resource check...
2025-10-27 22:08:08: Checking existing resources...
2025-10-27 22:08:19: Resource check completed and tfvars file generated
2025-10-27 22:08:19: Starting Terraform deployment...
2025-10-27 22:08:19: Running terraform init...
2025-10-27 22:08:22: Terraform init completed successfully
2025-10-27 22:08:22: Running terraform plan...
2025-10-27 22:08:32: Terraform plan completed successfully
2025-10-27 22:08:32: Running terraform apply...
2025-10-27 22:09:35: ERROR: Terraform apply failed with exit code 1
2025-10-27 22:09:35: at <ScriptBlock>, C:\Users\nachi\Desktop\GRAD 695\code\terraform_deploy.ps1: line 41
at <ScriptBlock>, <No file>: line 1
2025-10-27 22:09:35: Cleaned up terraform plan file
2025-10-27 22:11:21: Starting pre-deployment resource check...
2025-10-27 22:11:21: Checking existing resources...
2025-10-27 22:11:32: Resource check completed and tfvars file generated
2025-10-27 22:11:32: Starting Terraform deployment...
2025-10-27 22:11:32: Running terraform init...
2025-10-27 22:11:35: Terraform init completed successfully
2025-10-27 22:11:35: Running terraform plan...
2025-10-27 22:11:46: Terraform plan completed successfully
2025-10-27 22:11:46: Running terraform apply...
2025-10-27 22:14:08: ERROR: Terraform apply failed with exit code 1
2025-10-27 22:14:08: at <ScriptBlock>, C:\Users\nachi\Desktop\GRAD 695\code\terraform_deploy.ps1: line 41
at <ScriptBlock>, <No file>: line 1
2025-10-27 22:14:08: Cleaned up terraform plan file
2025-10-27 22:15:18: Starting pre-deployment resource check...
2025-10-27 22:15:18: Checking existing resources...
2025-10-27 22:15:32: Resource check completed and tfvars file generated
2025-10-27 22:15:32: Starting Terraform deployment...
2025-10-27 22:15:32: Running terraform init...
2025-10-27 22:15:35: Terraform init completed successfully
2025-10-27 22:15:35: Running terraform plan...
2025-10-27 22:15:45: Terraform plan completed successfully
2025-10-27 22:15:46: Running terraform apply...
2025-10-27 22:18:07: ERROR: Terraform apply failed with exit code 1
2025-10-27 22:18:07: at <ScriptBlock>, C:\Users\nachi\Desktop\GRAD 695\code\terraform_deploy.ps1: line 41
at <ScriptBlock>, <No file>: line 1
2025-10-27 22:18:07: Cleaned up terraform plan file
2025-10-27 22:35:17: Starting pre-deployment resource check...
2025-10-27 22:35:17: Checking existing resources...
2025-10-27 22:35:29: Resource check completed and tfvars file generated
2025-10-27 22:35:29: Starting Terraform deployment...
2025-10-27 22:35:29: Running terraform init...
2025-10-27 22:35:30: ERROR: Terraform init failed with exit code 1
2025-10-27 22:35:30: at <ScriptBlock>, C:\Users\nachi\Desktop\GRAD 695\code\terraform_deploy.ps1: line 25
at <ScriptBlock>, <No file>: line 1
2025-10-27 22:36:23: Starting pre-deployment resource check...
2025-10-27 22:36:23: Checking existing resources...
2025-10-27 22:36:36: Resource check completed and tfvars file generated
2025-10-27 22:36:36: Starting Terraform deployment...
2025-10-27 22:36:36: Running terraform init...
2025-10-27 22:36:37: ERROR: Terraform init failed with exit code 1
2025-10-27 22:36:37: at <ScriptBlock>, C:\Users\nachi\Desktop\GRAD 695\code\terraform_deploy.ps1: line 25
at <ScriptBlock>, <No file>: line 1
2025-10-27 22:37:52: Starting pre-deployment resource check...
2025-10-27 22:37:52: Checking existing resources...
2025-10-27 22:38:03: Resource check completed and tfvars file generated
2025-10-27 22:38:03: Starting Terraform deployment...
2025-10-27 22:38:03: Running terraform init...
2025-10-27 22:38:04: ERROR: Terraform init failed with exit code 1
2025-10-27 22:38:04: at <ScriptBlock>, C:\Users\nachi\Desktop\GRAD 695\code\terraform_deploy.ps1: line 25
at <ScriptBlock>, <No file>: line 1
2025-10-27 22:44:13: Starting pre-deployment resource check...
2025-10-27 22:44:13: Checking existing resources...
2025-10-27 22:44:24: Resource check completed and tfvars file generated
2025-10-27 22:44:24: Starting Terraform deployment...
2025-10-27 22:44:24: Running terraform init...
2025-10-27 22:44:27: Terraform init completed successfully
2025-10-27 22:44:27: Running terraform plan...
2025-10-27 22:44:31: ERROR: Terraform plan failed with exit code 1
2025-10-27 22:44:31: at <ScriptBlock>, C:\Users\nachi\Desktop\GRAD 695\code\terraform_deploy.ps1: line 33
at <ScriptBlock>, <No file>: line 1
2025-10-27 22:48:51: Starting pre-deployment resource check...
2025-10-27 22:48:51: Checking existing resources...
2025-10-27 22:49:02: Resource check completed and tfvars file generated
2025-10-27 22:49:02: Starting Terraform deployment...
2025-10-27 22:49:02: Running terraform init...
2025-10-27 22:49:03: ERROR: Terraform init failed with exit code 1
2025-10-27 22:49:03: at <ScriptBlock>, C:\Users\nachi\Desktop\GRAD 695\code\terraform_deploy.ps1: line 25
at <ScriptBlock>, <No file>: line 1
2025-10-27 22:50:00: Starting pre-deployment resource check...
2025-10-27 22:50:00: Checking existing resources...
2025-10-27 22:50:11: Resource check completed and tfvars file generated
2025-10-27 22:50:11: Starting Terraform deployment...
2025-10-27 22:50:11: Running terraform init...
2025-10-27 22:50:14: Terraform init completed successfully
2025-10-27 22:50:14: Running terraform plan...
2025-10-27 22:50:18: ERROR: Terraform plan failed with exit code 1
2025-10-27 22:50:18: at <ScriptBlock>, C:\Users\nachi\Desktop\GRAD 695\code\terraform_deploy.ps1: line 33
at <ScriptBlock>, <No file>: line 1
2025-10-27 22:51:26: Starting pre-deployment resource check...
2025-10-27 22:51:26: Checking existing resources...
2025-10-27 22:51:37: Resource check completed and tfvars file generated
2025-10-27 22:51:37: Starting Terraform deployment...
2025-10-27 22:51:37: Running terraform init...
2025-10-27 22:51:38: ERROR: Terraform init failed with exit code 1
2025-10-27 22:51:38: at <ScriptBlock>, C:\Users\nachi\Desktop\GRAD 695\code\terraform_deploy.ps1: line 25
at <ScriptBlock>, <No file>: line 1
2025-10-27 22:52:43: Starting pre-deployment resource check...
2025-10-27 22:52:43: Checking existing resources...
2025-10-27 22:52:54: Resource check completed and tfvars file generated
2025-10-27 22:52:54: Starting Terraform deployment...
2025-10-27 22:52:54: Running terraform init...
2025-10-27 22:52:55: ERROR: Terraform init failed with exit code 1
2025-10-27 22:52:55: at <ScriptBlock>, C:\Users\nachi\Desktop\GRAD 695\code\terraform_deploy.ps1: line 25
at <ScriptBlock>, <No file>: line 1
2025-10-27 22:53:57: Starting pre-deployment resource check...
2025-10-27 22:53:58: Checking existing resources...
2025-10-27 22:54:08: Resource check completed and tfvars file generated
2025-10-27 22:54:08: Starting Terraform deployment...
2025-10-27 22:54:08: Running terraform init...
2025-10-27 22:54:09: ERROR: Terraform init failed with exit code 1
2025-10-27 22:54:09: at <ScriptBlock>, C:\Users\nachi\Desktop\GRAD 695\code\terraform_deploy.ps1: line 25
at <ScriptBlock>, <No file>: line 1
2025-10-27 22:55:05: Starting pre-deployment resource check...
2025-10-27 22:55:05: Checking existing resources...
2025-10-27 22:55:16: Resource check completed and tfvars file generated
2025-10-27 22:55:16: Starting Terraform deployment...
2025-10-27 22:55:16: Running terraform init...
2025-10-27 22:55:19: Terraform init completed successfully
2025-10-27 22:55:19: Running terraform plan...
2025-10-27 22:55:23: ERROR: Terraform plan failed with exit code 1
2025-10-27 22:55:23: at <ScriptBlock>, C:\Users\nachi\Desktop\GRAD 695\code\terraform_deploy.ps1: line 33
at <ScriptBlock>, <No file>: line 1
2025-10-27 22:56:21: Starting pre-deployment resource check...
2025-10-27 22:56:21: Checking existing resources...
2025-10-27 22:56:32: Resource check completed and tfvars file generated
2025-10-27 22:56:32: Starting Terraform deployment...
2025-10-27 22:56:32: Running terraform init...
2025-10-27 22:56:35: Terraform init completed successfully
2025-10-27 22:56:35: Running terraform plan...
2025-10-27 22:56:46: Terraform plan completed successfully
2025-10-27 22:56:46: Running terraform apply...
2025-10-27 22:59:08: ERROR: Terraform apply failed with exit code 1
2025-10-27 22:59:08: at <ScriptBlock>, C:\Users\nachi\Desktop\GRAD 695\code\terraform_deploy.ps1: line 41
at <ScriptBlock>, <No file>: line 1
2025-10-27 22:59:08: Cleaned up terraform plan file
2025-10-27 23:01:40: Starting pre-deployment resource check...
2025-10-27 23:01:40: Checking existing resources...
2025-10-27 23:01:47: Resource check completed and tfvars file generated
2025-10-27 23:01:47: Starting Terraform deployment...
2025-10-27 23:01:47: Running terraform init...
2025-10-27 23:01:48: ERROR: Terraform init failed with exit code 1
2025-10-27 23:01:48: at <ScriptBlock>, C:\Users\nachi\Desktop\GRAD 695\code\terraform_deploy.ps1: line 25
at <ScriptBlock>, <No file>: line 1
2025-10-28 10:51:49: Starting pre-deployment resource check...
2025-10-28 10:51:49: Checking existing resources...
2025-10-28 10:51:59: Resource check completed and tfvars file generated
2025-10-28 10:51:59: Starting Terraform deployment...
2025-10-28 10:51:59: Running terraform init...
2025-10-28 10:52:02: Terraform init completed successfully
2025-10-28 10:52:02: Running terraform plan...
2025-10-28 10:52:06: ERROR: Terraform plan failed with exit code 1
2025-10-28 10:52:06: at <ScriptBlock>, C:\Users\nachi\Desktop\GRAD 695\code\terraform_deploy.ps1: line 33
2025-10-28 10:52:35: Starting pre-deployment resource check...
2025-10-28 10:52:35: Checking existing resources...
2025-10-28 10:52:42: Resource check completed and tfvars file generated
2025-10-28 10:52:42: Starting Terraform deployment...
2025-10-28 10:52:42: Running terraform init...
2025-10-28 10:52:44: Terraform init completed successfully
2025-10-28 10:52:44: Running terraform plan...
2025-10-28 10:52:47: ERROR: Terraform plan failed with exit code 1
2025-10-28 10:52:47: at <ScriptBlock>, C:\Users\nachi\Desktop\GRAD 695\code\terraform_deploy.ps1: line 33
at <ScriptBlock>, <No file>: line 1
2025-10-28 10:55:40: Starting pre-deployment resource check...
2025-10-28 10:55:40: Checking existing resources...
2025-10-28 10:55:47: Resource check completed and tfvars file generated
2025-10-28 10:55:47: Starting Terraform deployment...
2025-10-28 10:55:47: Running terraform init...
2025-10-28 10:55:47: ERROR: Terraform init failed with exit code 1
2025-10-28 10:55:47: at <ScriptBlock>, C:\Users\nachi\Desktop\GRAD 695\code\terraform_deploy.ps1: line 25
at <ScriptBlock>, <No file>: line 1
2025-10-28 11:26:41: Starting pre-deployment resource check...
2025-10-28 11:26:41: Checking existing resources...
2025-10-28 11:26:50: Resource check completed and tfvars file generated
2025-10-28 11:26:50: Starting Terraform deployment...
2025-10-28 11:26:50: Running terraform init...
2025-10-28 11:26:52: Terraform init completed successfully
2025-10-28 11:26:52: Running terraform plan...
2025-10-28 11:26:58: ERROR: Terraform plan failed with exit code 1
2025-10-28 11:26:58: at <ScriptBlock>, C:\Users\nachi\Desktop\GRAD 695\code\terraform_deploy.ps1: line 33
at <ScriptBlock>, <No file>: line 1
2025-10-28 11:26:58: Cleaned up terraform plan file
2025-10-28 11:32:40: Starting pre-deployment resource check...
2025-10-28 11:32:40: Checking existing resources...
2025-10-28 11:32:48: Resource check completed and tfvars file generated
2025-10-28 11:32:48: Starting Terraform deployment...
2025-10-28 11:32:48: Running terraform init...
2025-10-28 11:32:50: Terraform init completed successfully
2025-10-28 11:32:50: Running terraform plan...
2025-10-28 11:32:58: Terraform plan completed successfully
2025-10-28 11:32:58: Running terraform apply...
2025-10-28 11:33:01: ERROR: Terraform apply failed with exit code 1
2025-10-28 11:33:01: at <ScriptBlock>, C:\Users\nachi\Desktop\GRAD 695\code\terraform_deploy.ps1: line 41
at <ScriptBlock>, <No file>: line 1
2025-10-28 11:33:01: Cleaned up terraform plan file
2025-10-28 11:35:10: Starting pre-deployment resource check...
2025-10-28 11:35:10: Checking existing resources...
2025-10-28 11:35:17: Resource check completed and tfvars file generated
2025-10-28 11:35:17: Starting Terraform deployment...
2025-10-28 11:35:17: Running terraform init...
2025-10-28 11:35:18: ERROR: Terraform init failed with exit code 1
2025-10-28 11:35:18: at <ScriptBlock>, C:\Users\nachi\Desktop\GRAD 695\code\terraform_deploy.ps1: line 25
at <ScriptBlock>, <No file>: line 1
2025-10-28 11:36:40: Starting pre-deployment resource check...
2025-10-28 11:36:40: Checking existing resources...
2025-10-28 11:36:48: Resource check completed and tfvars file generated
2025-10-28 11:36:48: Starting Terraform deployment...
2025-10-28 11:36:48: Running terraform init...
2025-10-28 11:36:50: Terraform init completed successfully
2025-10-28 11:36:50: Running terraform plan...
2025-10-28 11:36:54: ERROR: Terraform plan failed with exit code 1
2025-10-28 11:36:54: at <ScriptBlock>, C:\Users\nachi\Desktop\GRAD 695\code\terraform_deploy.ps1: line 33
at <ScriptBlock>, <No file>: line 1
2025-10-28 17:04:53: Starting pre-deployment resource check...
2025-10-28 17:04:53: Checking existing resources...
2025-10-28 17:05:01: Resource check completed and tfvars file generated
2025-10-28 17:05:01: Starting Terraform deployment...
2025-10-28 17:05:01: Running terraform init...
2025-10-28 17:05:03: Terraform init completed successfully
2025-10-28 17:05:03: Running terraform plan...
2025-10-28 17:05:05: ERROR: Terraform plan failed with exit code 1
2025-10-28 17:05:05: at <ScriptBlock>, C:\Users\nachi\Desktop\GRAD 695\code\terraform_deploy.ps1: line 33
at <ScriptBlock>, <No file>: line 1
2025-10-28 17:09:42: Starting pre-deployment resource check...
2025-10-28 17:09:42: Checking existing resources...
2025-10-28 17:09:50: Resource check completed and tfvars file generated
2025-10-28 17:09:50: Starting Terraform deployment...
2025-10-28 17:09:50: Running terraform init...
2025-10-28 17:09:52: Terraform init completed successfully
2025-10-28 17:09:52: Running terraform plan...
2025-10-28 17:10:00: Terraform plan completed successfully
2025-10-28 17:10:00: Running terraform apply...
2025-10-28 17:10:03: ERROR: Terraform apply failed with exit code 1
2025-10-28 17:10:03: at <ScriptBlock>, C:\Users\nachi\Desktop\GRAD 695\code\terraform_deploy.ps1: line 41
at <ScriptBlock>, <No file>: line 1
2025-10-28 17:10:03: Cleaned up terraform plan file
2025-10-28 17:11:59: Starting pre-deployment resource check...
2025-10-28 17:11:59: Checking existing resources...
2025-10-28 17:12:06: Resource check completed and tfvars file generated
2025-10-28 17:12:06: Starting Terraform deployment...
2025-10-28 17:12:06: Running terraform init...
2025-10-28 17:12:08: Terraform init completed successfully
2025-10-28 17:12:08: Running terraform plan...
2025-10-28 17:12:15: Terraform plan completed successfully
2025-10-28 17:12:15: Running terraform apply...
2025-10-28 17:14:03: ERROR: Terraform apply failed with exit code 1
2025-10-28 17:14:03: at <ScriptBlock>, C:\Users\nachi\Desktop\GRAD 695\code\terraform_deploy.ps1: line 41
at <ScriptBlock>, <No file>: line 1
2025-10-28 17:14:03: Cleaned up terraform plan file
2025-10-28 17:21:21: Starting pre-deployment resource check...
2025-10-28 17:21:21: Checking existing resources...
2025-10-28 17:21:29: Resource check completed and tfvars file generated
2025-10-28 17:21:29: Starting Terraform deployment...
2025-10-28 17:21:29: Running terraform init...
2025-10-28 17:21:30: ERROR: Terraform init failed with exit code 1
2025-10-28 17:21:30: at <ScriptBlock>, C:\Users\nachi\Desktop\GRAD 695\code\terraform_deploy.ps1: line 25
at <ScriptBlock>, <No file>: line 1
2025-10-28 17:22:50: Starting pre-deployment resource check...
2025-10-28 17:22:50: Checking existing resources...
2025-10-28 17:22:57: Resource check completed and tfvars file generated
2025-10-28 17:22:57: Starting Terraform deployment...
2025-10-28 17:22:57: Running terraform init...
2025-10-28 17:22:59: Terraform init completed successfully
2025-10-28 17:22:59: Running terraform plan...
2025-10-28 17:23:01: ERROR: Terraform plan failed with exit code 1
2025-10-28 17:23:01: at <ScriptBlock>, C:\Users\nachi\Desktop\GRAD 695\code\terraform_deploy.ps1: line 33
at <ScriptBlock>, <No file>: line 1
2025-10-28 17:26:01: Starting pre-deployment resource check...
2025-10-28 17:26:01: Checking existing resources...
2025-10-28 17:26:08: Resource check completed and tfvars file generated
2025-10-28 17:26:08: Starting Terraform deployment...
2025-10-28 17:26:08: Running terraform init...
2025-10-28 17:26:10: Terraform init completed successfully
2025-10-28 17:26:10: Running terraform plan...
2025-10-28 17:26:13: ERROR: Terraform plan failed with exit code 1
2025-10-28 17:26:13: at <ScriptBlock>, C:\Users\nachi\Desktop\GRAD 695\code\terraform_deploy.ps1: line 33
at <ScriptBlock>, <No file>: line 1
2025-10-28 17:35:35: Starting pre-deployment resource check...
2025-10-28 17:35:35: Checking existing resources...
2025-10-28 17:35:43: Resource check completed and tfvars file generated
2025-10-28 17:35:43: Starting Terraform deployment...
2025-10-28 17:35:43: Running terraform init...
2025-10-28 17:35:45: Terraform init completed successfully
2025-10-28 17:35:45: Running terraform plan...
2025-10-28 17:35:53: Terraform plan completed successfully
2025-10-28 17:35:53: Running terraform apply...
2025-10-28 17:35:57: ERROR: Terraform apply failed with exit code 1
2025-10-28 17:35:57: at <ScriptBlock>, C:\Users\nachi\Desktop\GRAD 695\code\terraform_deploy.ps1: line 41
at <ScriptBlock>, <No file>: line 1
2025-10-28 17:35:57: Cleaned up terraform plan file
2025-10-28 17:40:12: Starting pre-deployment resource check...
2025-10-28 17:40:12: Checking existing resources...
2025-10-28 17:40:19: Resource check completed and tfvars file generated
2025-10-28 17:40:19: Starting Terraform deployment...
2025-10-28 17:40:19: Running terraform init...
2025-10-28 17:40:20: ERROR: Terraform init failed with exit code 1
2025-10-28 17:40:20: at <ScriptBlock>, C:\Users\nachi\Desktop\GRAD 695\code\terraform_deploy.ps1: line 25
at <ScriptBlock>, <No file>: line 1
2025-10-28 17:41:45: Starting pre-deployment resource check...
2025-10-28 17:41:45: Checking existing resources...
2025-10-28 17:41:52: Resource check completed and tfvars file generated
2025-10-28 17:41:52: Starting Terraform deployment...
2025-10-28 17:41:52: Running terraform init...
2025-10-28 17:41:54: Terraform init completed successfully
2025-10-28 17:41:54: Running terraform plan...
2025-10-28 17:42:02: ERROR: Terraform plan failed with exit code 1
2025-10-28 17:42:02: at <ScriptBlock>, C:\Users\nachi\Desktop\GRAD 695\code\terraform_deploy.ps1: line 33
at <ScriptBlock>, <No file>: line 1
2025-10-28 17:42:02: Cleaned up terraform plan file
2025-10-29 14:58:31: Starting pre-deployment resource check...
2025-10-29 14:58:31: Checking existing resources...
2025-10-29 14:58:39: Resource check completed and tfvars file generated
2025-10-29 14:58:39: Starting Terraform deployment...
2025-10-29 14:58:39: Running terraform init...
2025-10-29 14:58:42: Terraform init completed successfully
2025-10-29 14:58:42: Running terraform plan...
2025-10-29 14:58:50: ERROR: Terraform plan failed with exit code 1
2025-10-29 14:58:50: at <ScriptBlock>, C:\Users\nachi\Desktop\GRAD 695\code\terraform_deploy.ps1: line 33
at <ScriptBlock>, <No file>: line 1
2025-10-29 14:58:50: Cleaned up terraform plan file
2025-10-30 09:27:47: Starting pre-deployment resource check...
2025-10-30 09:27:47: Checking existing resources...
2025-10-30 09:28:00: Resource check completed and tfvars file generated
2025-10-30 09:28:00: Starting Terraform deployment...
2025-10-30 09:28:00: Running terraform init...
2025-10-30 09:28:04: Terraform init completed successfully
2025-10-30 09:28:04: Running terraform plan...
2025-10-30 09:28:15: ERROR: Terraform plan failed with exit code 1
2025-10-30 09:28:15: at <ScriptBlock>, C:\Users\nachi\Desktop\GRAD 695\code\terraform_deploy.ps1: line 33
at <ScriptBlock>, <No file>: line 1
2025-10-30 09:28:15: Cleaned up terraform plan file
2025-10-30 09:30:57: Starting pre-deployment resource check...
2025-10-30 09:30:57: Checking existing resources...
2025-10-30 09:31:10: Resource check completed and tfvars file generated
2025-10-30 09:31:10: Starting Terraform deployment...
2025-10-30 09:31:10: Running terraform init...
2025-10-30 09:31:13: Terraform init completed successfully
2025-10-30 09:31:13: Running terraform plan...
2025-10-30 09:31:23: ERROR: Terraform plan failed with exit code 1
2025-10-30 09:31:23: at <ScriptBlock>, C:\Users\nachi\Desktop\GRAD 695\code\terraform_deploy.ps1: line 33
at <ScriptBlock>, <No file>: line 1
2025-10-30 09:31:24: Cleaned up terraform plan file
2025-10-30 09:32:10: Starting pre-deployment resource check...
2025-10-30 09:32:10: Checking existing resources...
2025-10-30 09:32:34: Resource check completed and tfvars file generated
2025-10-30 09:32:34: Starting Terraform deployment...
2025-10-30 09:32:34: Running terraform init...
2025-10-30 09:32:42: Terraform init completed successfully
2025-10-30 09:32:42: Running terraform plan...
2025-10-30 09:33:04: Terraform plan completed successfully
2025-10-30 09:33:04: Running terraform apply...
2025-10-30 09:36:22: Terraform apply completed successfully
2025-10-30 09:36:22: Deployment script completed successfully
2025-10-30 09:36:22: Cleaned up terraform plan file
2025-11-03 19:04:31: Starting pre-deployment resource check...
2025-11-03 19:04:31: Checking existing resources...
2025-11-03 19:04:41: Resource check completed and tfvars file generated
2025-11-03 19:04:41: Starting Terraform deployment...
2025-11-03 19:04:41: Running terraform init...
2025-11-03 19:04:41: ERROR: Terraform init failed with exit code 1
2025-11-03 19:04:41: at <ScriptBlock>, C:\Users\nachi\Desktop\GRAD 695\code\terraform_deploy.ps1: line 25
at <ScriptBlock>, <No file>: line 1
2025-11-03 19:06:40: Starting pre-deployment resource check...
2025-11-03 19:06:40: Checking existing resources...
2025-11-03 19:06:49: Resource check completed and tfvars file generated
2025-11-03 19:06:49: Starting Terraform deployment...
2025-11-03 19:06:49: Running terraform init...
2025-11-03 19:06:49: ERROR: Terraform init failed with exit code 1
2025-11-03 19:06:49: at <ScriptBlock>, C:\Users\nachi\Desktop\GRAD 695\code\terraform_deploy.ps1: line 25
at <ScriptBlock>, <No file>: line 1
2025-11-03 19:13:18: Starting pre-deployment resource check...
2025-11-03 19:13:18: Checking existing resources...
2025-11-03 19:13:27: Resource check completed and tfvars file generated
2025-11-03 19:13:27: Starting Terraform deployment...
2025-11-03 19:13:27: Running terraform init...
2025-11-03 19:13:27: ERROR: Terraform init failed with exit code 1
2025-11-03 19:13:27: at <ScriptBlock>, C:\Users\nachi\Desktop\GRAD 695\code\terraform_deploy.ps1: line 25
at <ScriptBlock>, <No file>: line 1
2025-11-03 19:28:10: Starting pre-deployment resource check...
2025-11-03 19:28:10: Checking existing resources...
2025-11-03 19:28:19: Resource check completed and tfvars file generated
2025-11-03 19:28:19: Starting Terraform deployment...
2025-11-03 19:28:19: Running terraform init...
2025-11-03 19:28:22: Terraform init completed successfully
2025-11-03 19:28:22: Running terraform plan...
2025-11-03 19:28:25: ERROR: Terraform plan failed with exit code 1
2025-11-03 19:28:25: at <ScriptBlock>, C:\Users\nachi\Desktop\GRAD 695\code\terraform_deploy.ps1: line 33
at <ScriptBlock>, <No file>: line 1
2025-11-03 19:34:28: Starting pre-deployment resource check...
2025-11-03 19:34:28: Checking existing resources...
2025-11-03 19:34:36: Resource check completed and tfvars file generated
2025-11-03 19:34:36: Starting Terraform deployment...
2025-11-03 19:34:36: Running terraform init...
2025-11-03 19:34:38: Terraform init completed successfully
2025-11-03 19:34:38: Running terraform plan...
2025-11-03 19:34:42: ERROR: Terraform plan failed with exit code 1
2025-11-03 19:34:42: at <ScriptBlock>, C:\Users\nachi\Desktop\GRAD 695\code\terraform_deploy.ps1: line 33
at <ScriptBlock>, <No file>: line 1
2025-11-03 19:35:08: Starting pre-deployment resource check...
2025-11-03 19:35:08: Checking existing resources...
2025-11-03 19:35:15: Resource check completed and tfvars file generated
2025-11-03 19:35:15: Starting Terraform deployment...
2025-11-03 19:35:15: Running terraform init...
2025-11-03 19:35:17: Terraform init completed successfully
2025-11-03 19:35:17: Running terraform plan...
2025-11-03 19:35:20: ERROR: Terraform plan failed with exit code 1
2025-11-03 19:35:20: at <ScriptBlock>, C:\Users\nachi\Desktop\GRAD 695\code\terraform_deploy.ps1: line 33
at <ScriptBlock>, <No file>: line 1
2025-11-03 20:24:31: Starting pre-deployment resource check...
2025-11-03 20:24:31: Checking existing resources...
2025-11-03 20:24:38: Resource check completed and tfvars file generated
2025-11-03 20:24:38: Starting Terraform deployment...
2025-11-03 20:24:38: Running terraform init...
2025-11-03 20:24:40: Terraform init completed successfully
2025-11-03 20:24:40: Running terraform plan...
2025-11-03 20:24:43: ERROR: Terraform plan failed with exit code 1
2025-11-03 20:24:43: at <ScriptBlock>, C:\Users\nachi\Desktop\GRAD 695\code\terraform_deploy.ps1: line 33
at <ScriptBlock>, <No file>: line 1
2025-11-03 20:40:57: Starting pre-deployment resource check...
2025-11-03 20:40:57: Checking existing resources...
2025-11-03 20:41:05: Resource check completed and tfvars file generated
2025-11-03 20:41:05: Starting Terraform deployment...
2025-11-03 20:41:05: Running terraform init...
2025-11-03 20:41:08: Terraform init completed successfully
2025-11-03 20:41:08: Running terraform plan...
2025-11-03 20:41:11: ERROR: Terraform plan failed with exit code 1
2025-11-03 20:41:11: at <ScriptBlock>, C:\Users\nachi\Desktop\GRAD 695\code\terraform_deploy.ps1: line 33
at <ScriptBlock>, <No file>: line 1
2025-11-03 20:43:50: Starting pre-deployment resource check...
2025-11-03 20:43:50: Checking existing resources...
2025-11-03 20:43:58: Resource check completed and tfvars file generated
2025-11-03 20:43:58: Starting Terraform deployment...
2025-11-03 20:43:58: Running terraform init...
2025-11-03 20:44:01: Terraform init completed successfully
2025-11-03 20:44:01: Running terraform plan...
2025-11-03 20:44:04: ERROR: Terraform plan failed with exit code 1
2025-11-03 20:44:04: at <ScriptBlock>, C:\Users\nachi\Desktop\GRAD 695\code\terraform_deploy.ps1: line 33
at <ScriptBlock>, <No file>: line 1
2025-11-03 20:51:05: Starting pre-deployment resource check...
2025-11-03 20:51:05: Checking existing resources...
2025-11-03 20:51:13: Resource check completed and tfvars file generated
2025-11-03 20:51:13: Starting Terraform deployment...
2025-11-03 20:51:13: Running terraform init...
2025-11-03 20:51:16: Terraform init completed successfully
2025-11-03 20:51:16: Running terraform plan...
2025-11-03 20:51:19: ERROR: Terraform plan failed with exit code 1
2025-11-03 20:51:19: at <ScriptBlock>, C:\Users\nachi\Desktop\GRAD 695\code\terraform_deploy.ps1: line 33
at <ScriptBlock>, <No file>: line 1
2025-11-03 20:56:16: Starting pre-deployment resource check...
2025-11-03 20:56:16: Checking existing resources...
2025-11-03 20:56:23: Resource check completed and tfvars file generated
2025-11-03 20:56:23: Starting Terraform deployment...
2025-11-03 20:56:23: Running terraform init...
2025-11-03 20:56:25: Terraform init completed successfully
2025-11-03 20:56:25: Running terraform plan...
2025-11-03 20:56:27: ERROR: Terraform plan failed with exit code 1
2025-11-03 20:56:27: at <ScriptBlock>, C:\Users\nachi\Desktop\GRAD 695\code\terraform_deploy.ps1: line 33
at <ScriptBlock>, <No file>: line 1
2025-11-03 20:57:00: Starting pre-deployment resource check...
2025-11-03 20:57:00: Checking existing resources...
2025-11-03 20:57:09: Resource check completed and tfvars file generated
2025-11-03 20:57:09: Starting Terraform deployment...
2025-11-03 20:57:09: Running terraform init...
2025-11-03 20:57:12: Terraform init completed successfully
2025-11-03 20:57:12: Running terraform plan...
2025-11-03 20:57:19: ERROR: Terraform plan failed with exit code 1
2025-11-03 20:57:20: at <ScriptBlock>, C:\Users\nachi\Desktop\GRAD 695\code\terraform_deploy.ps1: line 33
at <ScriptBlock>, <No file>: line 1
2025-11-03 20:57:20: Cleaned up terraform plan file
2025-11-03 20:58:18: Starting pre-deployment resource check...
2025-11-03 20:58:18: Checking existing resources...
2025-11-03 20:58:25: Resource check completed and tfvars file generated
2025-11-03 20:58:25: Starting Terraform deployment...
2025-11-03 20:58:25: Running terraform init...
2025-11-03 20:58:27: Terraform init completed successfully
2025-11-03 20:58:27: Running terraform plan...
2025-11-03 20:58:33: Terraform plan completed successfully
2025-11-03 20:58:33: Running terraform apply...
2025-11-03 21:00:56: ERROR: Terraform apply failed with exit code 1
2025-11-03 21:00:56: at <ScriptBlock>, C:\Users\nachi\Desktop\GRAD 695\code\terraform_deploy.ps1: line 41
at <ScriptBlock>, <No file>: line 1
2025-11-03 21:00:56: Cleaned up terraform plan file
2025-11-03 21:02:38: Starting pre-deployment resource check...
2025-11-03 21:02:38: Checking existing resources...
2025-11-03 21:02:45: Resource check completed and tfvars file generated
2025-11-03 21:02:45: Starting Terraform deployment...
2025-11-03 21:02:45: Running terraform init...
2025-11-03 21:02:47: Terraform init completed successfully
2025-11-03 21:02:47: Running terraform plan...
2025-11-03 21:02:49: ERROR: Terraform plan failed with exit code 1
2025-11-03 21:02:49: at <ScriptBlock>, C:\Users\nachi\Desktop\GRAD 695\code\terraform_deploy.ps1: line 33
at <ScriptBlock>, <No file>: line 1
2025-11-05 13:41:18: Starting pre-deployment resource check...
2025-11-05 13:41:18: Checking existing resources...
2025-11-05 13:41:27: Resource check completed and tfvars file generated
2025-11-05 13:41:27: Starting Terraform deployment...
2025-11-05 13:41:27: Running terraform init...
2025-11-05 13:41:30: Terraform init completed successfully
2025-11-05 13:41:30: Running terraform plan...
2025-11-05 13:41:33: ERROR: Terraform plan failed with exit code 1
2025-11-05 13:41:33: at <ScriptBlock>, C:\Users\nachi\Desktop\GRAD 695\code\terraform_deploy.ps1: line 33
at <ScriptBlock>, <No file>: line 1
2025-11-05 13:44:09: Starting pre-deployment resource check...
2025-11-05 13:44:09: Checking existing resources...
2025-11-05 13:44:17: Resource check completed and tfvars file generated
2025-11-05 13:44:17: Starting Terraform deployment...
2025-11-05 13:44:17: Running terraform init...
2025-11-05 13:44:19: Terraform init completed successfully
2025-11-05 13:44:19: Running terraform plan...
2025-11-05 13:46:22: Terraform plan completed successfully
2025-11-05 13:46:22: Running terraform apply...
2025-11-05 13:46:49: ERROR: Terraform apply failed with exit code 1
2025-11-05 13:46:49: at <ScriptBlock>, C:\Users\nachi\Desktop\GRAD 695\code\terraform_deploy.ps1: line 41
at <ScriptBlock>, <No file>: line 1
2025-11-05 13:46:49: Cleaned up terraform plan file
2025-11-05 13:48:13: Starting pre-deployment resource check...
2025-11-05 13:48:13: Checking existing resources...
2025-11-05 13:48:21: Resource check completed and tfvars file generated
2025-11-05 13:48:21: Starting Terraform deployment...
2025-11-05 13:48:21: Running terraform init...
2025-11-05 13:48:23: Terraform init completed successfully
2025-11-05 13:48:23: Running terraform plan...
2025-11-05 13:49:03: Terraform plan completed successfully
2025-11-05 13:49:03: Running terraform apply...
2025-11-05 13:49:08: ERROR: Terraform apply failed with exit code 1
2025-11-05 13:49:09: at <ScriptBlock>, C:\Users\nachi\Desktop\GRAD 695\code\terraform_deploy.ps1: line 41
at <ScriptBlock>, <No file>: line 1
2025-11-05 13:49:09: Cleaned up terraform plan file
2025-11-05 14:01:20: Starting pre-deployment resource check...
2025-11-05 14:01:20: Checking existing resources...
2025-11-05 14:01:27: Resource check completed and tfvars file generated
2025-11-05 14:01:27: Starting Terraform deployment...
2025-11-05 14:01:27: Running terraform init...
2025-11-05 14:01:29: Terraform init completed successfully
2025-11-05 14:01:29: Running terraform plan...
2025-11-05 14:01:44: Terraform plan completed successfully
2025-11-05 14:01:44: Running terraform apply...
2025-11-05 14:01:49: ERROR: Terraform apply failed with exit code 1
2025-11-05 14:01:49: at <ScriptBlock>, C:\Users\nachi\Desktop\GRAD 695\code\terraform_deploy.ps1: line 41
at <ScriptBlock>, <No file>: line 1
2025-11-05 14:01:49: Cleaned up terraform plan file
2025-11-05 14:10:34: Starting pre-deployment resource check...
2025-11-05 14:10:34: Checking existing resources...
2025-11-05 14:10:41: Resource check completed and tfvars file generated
2025-11-05 14:10:41: Starting Terraform deployment...
2025-11-05 14:10:41: Running terraform init...
2025-11-05 14:10:43: Terraform init completed successfully
2025-11-05 14:10:43: Running terraform plan...
2025-11-05 14:10:50: Terraform plan completed successfully
2025-11-05 14:10:50: Running terraform apply...
2025-11-05 14:13:10: ERROR: Terraform apply failed with exit code 1
2025-11-05 14:13:10: at <ScriptBlock>, C:\Users\nachi\Desktop\GRAD 695\code\terraform_deploy.ps1: line 41
at <ScriptBlock>, <No file>: line 1
2025-11-05 14:13:10: Cleaned up terraform plan file
2025-11-05 14:26:37: Starting pre-deployment resource check...
2025-11-05 14:26:37: Checking existing resources...
2025-11-05 14:26:46: Resource check completed and tfvars file generated
2025-11-05 14:26:46: Starting Terraform deployment...
2025-11-05 14:26:46: Running terraform init...
2025-11-05 14:26:48: Terraform init completed successfully
2025-11-05 14:26:48: Running terraform plan...
2025-11-05 14:26:55: Terraform plan completed successfully
2025-11-05 14:26:55: Running terraform apply...
2025-11-05 14:27:00: ERROR: Terraform apply failed with exit code 1
2025-11-05 14:27:00: at <ScriptBlock>, C:\Users\nachi\Desktop\GRAD 695\code\terraform_deploy.ps1: line 41
at <ScriptBlock>, <No file>: line 1
2025-11-05 14:27:00: Cleaned up terraform plan file
2025-11-05 14:29:14: Starting pre-deployment resource check...
2025-11-05 14:29:14: Checking existing resources...
2025-11-05 14:29:22: Resource check completed and tfvars file generated
2025-11-05 14:29:22: Starting Terraform deployment...
2025-11-05 14:29:22: Running terraform init...
2025-11-05 14:29:24: Terraform init completed successfully
2025-11-05 14:29:24: Running terraform plan...
2025-11-05 14:29:31: Terraform plan completed successfully
2025-11-05 14:29:31: Running terraform apply...
2025-11-05 14:29:37: ERROR: Terraform apply failed with exit code 1
2025-11-05 14:29:37: at <ScriptBlock>, C:\Users\nachi\Desktop\GRAD 695\code\terraform_deploy.ps1: line 41
at <ScriptBlock>, <No file>: line 1
2025-11-05 14:29:37: Cleaned up terraform plan file
2025-11-05 14:43:46: Starting pre-deployment resource check...
2025-11-05 14:43:46: Checking existing resources...
2025-11-05 14:43:53: Resource check completed and tfvars file generated
2025-11-05 14:43:53: Starting Terraform deployment...
2025-11-05 14:43:53: Running terraform init...
2025-11-05 14:43:55: Terraform init completed successfully
2025-11-05 14:43:55: Running terraform plan...
2025-11-05 14:43:58: ERROR: Terraform plan failed with exit code 1
2025-11-05 14:43:58: at <ScriptBlock>, C:\Users\nachi\Desktop\GRAD 695\code\terraform_deploy.ps1: line 33
at <ScriptBlock>, <No file>: line 1
2025-11-05 14:45:09: Starting pre-deployment resource check...
2025-11-05 14:45:09: Checking existing resources...
2025-11-05 14:45:17: Resource check completed and tfvars file generated
2025-11-05 14:45:17: Starting Terraform deployment...
2025-11-05 14:45:17: Running terraform init...
2025-11-05 14:45:19: Terraform init completed successfully
2025-11-05 14:45:19: Running terraform plan...
2025-11-05 14:45:26: Terraform plan completed successfully
2025-11-05 14:45:26: Running terraform apply...
2025-11-05 14:45:31: ERROR: Terraform apply failed with exit code 1
2025-11-05 14:45:31: at <ScriptBlock>, C:\Users\nachi\Desktop\GRAD 695\code\terraform_deploy.ps1: line 41
at <ScriptBlock>, <No file>: line 1
2025-11-05 14:45:31: Cleaned up terraform plan file
2025-11-05 14:47:59: Starting pre-deployment resource check...
2025-11-05 14:47:59: Checking existing resources...
2025-11-05 14:48:07: Resource check completed and tfvars file generated
2025-11-05 14:48:07: Starting Terraform deployment...
2025-11-05 14:48:07: Running terraform init...
2025-11-05 14:48:09: Terraform init completed successfully
2025-11-05 14:48:09: Running terraform plan...
2025-11-05 14:48:15: Terraform plan completed successfully
2025-11-05 14:48:15: Running terraform apply...
2025-11-05 14:48:18: Terraform apply completed successfully
2025-11-05 14:48:18: Deployment script completed successfully
2025-11-05 14:48:18: Cleaned up terraform plan file
2025-11-16 09:32:21: Starting pre-deployment resource check...
2025-11-16 09:32:21: Checking existing resources...
2025-11-16 09:32:34: Resource check completed and tfvars file generated
2025-11-16 09:32:34: Starting Terraform deployment...
2025-11-16 09:32:34: Running terraform init...
2025-11-16 09:32:37: Terraform init completed successfully
2025-11-16 09:32:37: Running terraform plan...
2025-11-16 09:32:46: Terraform plan completed successfully
2025-11-16 09:32:46: Running terraform apply...
2025-11-16 09:32:51: Terraform apply completed successfully
2025-11-16 09:32:51: Deployment script completed successfully
2025-11-16 09:32:51: Cleaned up terraform plan file
2025-11-16 10:25:58: Starting pre-deployment resource check...
2025-11-16 10:25:58: Checking existing resources...
2025-11-16 10:26:05: Resource check completed and tfvars file generated
2025-11-16 10:26:05: Starting Terraform deployment...
2025-11-16 10:26:05: Running terraform init...
2025-11-16 10:26:07: Terraform init completed successfully
2025-11-16 10:26:07: Running terraform plan...
2025-11-16 10:26:13: ERROR: Terraform plan failed with exit code 1
2025-11-16 10:26:13: at <ScriptBlock>, C:\Users\nachi\Desktop\GRAD 695\code\terraform_deploy.ps1: line 33
at <ScriptBlock>, <No file>: line 1
2025-11-16 10:26:13: Cleaned up terraform plan file
2025-11-16 10:29:43: Starting pre-deployment resource check...
2025-11-16 10:29:43: Checking existing resources...
2025-11-16 10:29:50: Resource check completed and tfvars file generated
2025-11-16 10:29:50: Starting Terraform deployment...
2025-11-16 10:29:50: Running terraform init...
2025-11-16 10:29:53: Terraform init completed successfully
2025-11-16 10:29:53: Running terraform plan...
2025-11-16 10:30:00: Terraform plan completed successfully
2025-11-16 10:30:00: Running terraform apply...
2025-11-16 10:30:37: ERROR: Terraform apply failed with exit code 1
2025-11-16 10:30:37: at <ScriptBlock>, C:\Users\nachi\Desktop\GRAD 695\code\terraform_deploy.ps1: line 41
at <ScriptBlock>, <No file>: line 1
2025-11-16 10:30:37: Cleaned up terraform plan file
